<?xml version="1.0" encoding="UTF-8"?>
<testsuite name="exercise.DefaultRestControllerTest" time="0" tests="2" errors="0" skipped="2" failures="0">
  <properties>
[...]
</properties>
  <testcase name="noParamGreetingShouldReturnDefaultMessage" classname="exercise.DefaultRestControllerTest" time="0">
    <skipped/>
    <system-out><![CDATA[09:57:42.613 [main] DEBUG org.springframework.test.context.junit4.SpringJUnit4ClassRunner - SpringJUnit4ClassRunner constructor called with [class exercise.DefaultRestControllerTest]
09:57:42.613 [main] DEBUG org.springframework.test.context.BootstrapUtils - Instantiating CacheAwareContextLoaderDelegate from class [org.springframework.test.context.cache.DefaultCacheAwareContextLoaderDelegate]
09:57:42.613 [main] DEBUG org.springframework.test.context.BootstrapUtils - Instantiating BootstrapContext using constructor [public org.springframework.test.context.support.DefaultBootstrapContext(java.lang.Class,org.springframework.test.context.CacheAwareContextLoaderDelegate)]
09:57:42.614 [main] DEBUG org.springframework.test.context.BootstrapUtils - Instantiating TestContextBootstrapper for test class [exercise.DefaultRestControllerTest] from class [org.springframework.boot.test.context.SpringBootTestContextBootstrapper]
09:57:42.615 [main] INFO org.springframework.boot.test.context.SpringBootTestContextBootstrapper - Neither @ContextConfiguration nor @ContextHierarchy found for test class [exercise.DefaultRestControllerTest], using SpringBootContextLoader
09:57:42.616 [main] DEBUG org.springframework.test.context.support.AbstractContextLoader - Did not detect default resource location for test class [exercise.DefaultRestControllerTest]: class path resource [exercise/DefaultRestControllerTest-context.xml] does not exist
09:57:42.617 [main] DEBUG org.springframework.test.context.support.AbstractContextLoader - Did not detect default resource location for test class [exercise.DefaultRestControllerTest]: class path resource [exercise/DefaultRestControllerTestContext.groovy] does not exist
09:57:42.618 [main] INFO org.springframework.test.context.support.AbstractContextLoader - Could not detect default resource locations for test class [exercise.DefaultRestControllerTest]: no resource found for suffixes {-context.xml, Context.groovy}.
09:57:42.618 [main] INFO org.springframework.test.context.support.AnnotationConfigContextLoaderUtils - Could not detect default configuration classes for test class [exercise.DefaultRestControllerTest]: DefaultRestControllerTest does not declare any static, non-private, non-final, nested classes annotated with @Configuration.
09:57:42.645 [main] DEBUG org.springframework.test.context.support.ActiveProfilesUtils - Could not find an 'annotation declaring class' for annotation type [org.springframework.test.context.ActiveProfiles] and class [exercise.DefaultRestControllerTest]
09:57:42.646 [main] DEBUG org.springframework.core.env.StandardEnvironment - Adding [systemProperties] PropertySource with lowest search precedence
09:57:42.646 [main] DEBUG org.springframework.core.env.StandardEnvironment - Adding [systemEnvironment] PropertySource with lowest search precedence
09:57:42.646 [main] DEBUG org.springframework.core.env.StandardEnvironment - Initialized StandardEnvironment with PropertySources [systemProperties,systemEnvironment]
09:57:42.646 [main] INFO org.springframework.boot.test.context.SpringBootTestContextBootstrapper - Found @SpringBootConfiguration exercise.Application for test class exercise.DefaultRestControllerTest
09:57:42.648 [main] DEBUG org.springframework.boot.test.context.SpringBootTestContextBootstrapper - @TestExecutionListeners is not present for class [exercise.DefaultRestControllerTest]: using defaults.
09:57:42.662 [main] INFO org.springframework.boot.test.context.SpringBootTestContextBootstrapper - Loaded default TestExecutionListener class names from location [META-INF/spring.factories]: [org.springframework.boot.test.mock.mockito.MockitoTestExecutionListener, org.springframework.boot.test.mock.mockito.ResetMocksTestExecutionListener, org.springframework.boot.test.autoconfigure.restdocs.RestDocsTestExecutionListener, org.springframework.boot.test.autoconfigure.web.client.MockRestServiceServerResetTestExecutionListener, org.springframework.boot.test.autoconfigure.web.servlet.MockMvcPrintOnlyOnFailureTestExecutionListener, org.springframework.boot.test.autoconfigure.web.servlet.WebDriverTestExecutionListener, org.springframework.test.context.web.ServletTestExecutionListener, org.springframework.test.context.support.DirtiesContextBeforeModesTestExecutionListener, org.springframework.test.context.support.DependencyInjectionTestExecutionListener, org.springframework.test.context.support.DirtiesContextTestExecutionListener, org.springframework.test.context.transaction.TransactionalTestExecutionListener, org.springframework.test.context.jdbc.SqlScriptsTestExecutionListener]
09:57:42.671 [main] INFO org.springframework.boot.test.context.SpringBootTestContextBootstrapper - Using TestExecutionListeners: [org.springframework.test.context.web.ServletTestExecutionListener@1700915, org.springframework.test.context.support.DirtiesContextBeforeModesTestExecutionListener@21de60b4, org.springframework.boot.test.autoconfigure.SpringBootDependencyInjectionTestExecutionListener@c267ef4, org.springframework.test.context.support.DirtiesContextTestExecutionListener@30ee2816, org.springframework.test.context.transaction.TransactionalTestExecutionListener@31d7b7bf, org.springframework.test.context.jdbc.SqlScriptsTestExecutionListener@635eaaf1, org.springframework.boot.test.mock.mockito.MockitoTestExecutionListener@5c30a9b0, org.springframework.boot.test.mock.mockito.ResetMocksTestExecutionListener@1ddf84b8, org.springframework.boot.test.autoconfigure.web.client.MockRestServiceServerResetTestExecutionListener@1139b2f3, org.springframework.boot.test.autoconfigure.web.servlet.MockMvcPrintOnlyOnFailureTestExecutionListener@7a69b07, org.springframework.boot.test.autoconfigure.web.servlet.WebDriverTestExecutionListener@5e82df6a, org.springframework.boot.test.autoconfigure.restdocs.RestDocsTestExecutionListener@3f197a46]
09:57:42.674 [main] DEBUG org.springframework.test.annotation.ProfileValueUtils - Retrieved @ProfileValueSourceConfiguration [null] for test class [exercise.DefaultRestControllerTest]
09:57:42.674 [main] DEBUG org.springframework.test.annotation.ProfileValueUtils - Retrieved ProfileValueSource type [class org.springframework.test.annotation.SystemProfileValueSource] for class [exercise.DefaultRestControllerTest]
09:57:42.675 [main] DEBUG org.springframework.test.annotation.ProfileValueUtils - Retrieved @ProfileValueSourceConfiguration [null] for test class [exercise.DefaultRestControllerTest]
09:57:42.675 [main] DEBUG org.springframework.test.annotation.ProfileValueUtils - Retrieved ProfileValueSource type [class org.springframework.test.annotation.SystemProfileValueSource] for class [exercise.DefaultRestControllerTest]
]]></system-out>
  </testcase>
  <testcase name="paramGreetingShouldReturnTailoredMessage" classname="exercise.DefaultRestControllerTest" time="0">
    <skipped/>
  </testcase>
</testsuite>